2020-12-20 11:18:09 - PHP Warning:  fopen(/bitnami/opencart_storage/cache/cache.catalog.language.1608466689): failed to open stream: No such file or directory in /opt/bitnami/opencart/system/library/cache/file.php on line 49
2020-12-20 11:18:09 - PHP Warning:  flock() expects parameter 1 to be resource, bool given in /opt/bitnami/opencart/system/library/cache/file.php on line 51
2020-12-20 11:18:09 - PHP Warning:  fwrite() expects parameter 1 to be resource, bool given in /opt/bitnami/opencart/system/library/cache/file.php on line 53
2020-12-20 11:18:09 - PHP Warning:  fflush() expects parameter 1 to be resource, bool given in /opt/bitnami/opencart/system/library/cache/file.php on line 55
2020-12-20 11:18:09 - PHP Warning:  flock() expects parameter 1 to be resource, bool given in /opt/bitnami/opencart/system/library/cache/file.php on line 57
2020-12-20 11:18:09 - PHP Warning:  fclose() expects parameter 1 to be resource, bool given in /opt/bitnami/opencart/system/library/cache/file.php on line 59
2020-12-20 11:18:09 - PHP Warning:  fopen(/bitnami/opencart_storage/cache/cache.currency.1608466689): failed to open stream: No such file or directory in /opt/bitnami/opencart/system/library/cache/file.php on line 49
2020-12-20 11:18:09 - PHP Warning:  flock() expects parameter 1 to be resource, bool given in /opt/bitnami/opencart/system/library/cache/file.php on line 51
2020-12-20 11:18:09 - PHP Warning:  fwrite() expects parameter 1 to be resource, bool given in /opt/bitnami/opencart/system/library/cache/file.php on line 53
2020-12-20 11:18:09 - PHP Warning:  fflush() expects parameter 1 to be resource, bool given in /opt/bitnami/opencart/system/library/cache/file.php on line 55
2020-12-20 11:18:09 - PHP Warning:  flock() expects parameter 1 to be resource, bool given in /opt/bitnami/opencart/system/library/cache/file.php on line 57
2020-12-20 11:18:09 - PHP Warning:  fclose() expects parameter 1 to be resource, bool given in /opt/bitnami/opencart/system/library/cache/file.php on line 59
2020-12-20 11:39:35 - PHP Notice:  Undefined index:  in /opt/bitnami/opencart/catalog/controller/startup/startup.php on line 109
2020-12-20 11:39:35 - PHP Warning:  fopen(/bitnami/opencart_storage/logs/): failed to open stream: Is a directory in /opt/bitnami/opencart/system/library/log.php on line 22
2020-12-20 11:42:16 - PHP Notice:  Undefined index:  in /opt/bitnami/opencart/catalog/controller/startup/startup.php on line 109
2020-12-20 11:42:16 - PHP Warning:  fopen(/bitnami/opencart_storage/logs/): failed to open stream: Is a directory in /opt/bitnami/opencart/system/library/log.php on line 22
2020-12-23 6:19:28 - PHP Warning:  include_once(/opt/bitnami/opencart/system/library/template/Twig/Autoloader.php): failed to open stream: No such file or directory in /bitnami/opencart_storage/modification/system/library/template/twig.php on line 9
2020-12-23 6:19:28 - PHP Warning:  include_once(): Failed opening '/opt/bitnami/opencart/system/library/template/Twig/Autoloader.php' for inclusion (include_path='.:/opt/bitnami/php/lib/php') in /bitnami/opencart_storage/modification/system/library/template/twig.php on line 9
2020-12-23 6:19:32 - PHP Warning:  include_once(/opt/bitnami/opencart/system/library/template/Twig/Autoloader.php): failed to open stream: No such file or directory in /bitnami/opencart_storage/modification/system/library/template/twig.php on line 9
2020-12-23 6:19:32 - PHP Warning:  include_once(): Failed opening '/opt/bitnami/opencart/system/library/template/Twig/Autoloader.php' for inclusion (include_path='.:/opt/bitnami/php/lib/php') in /bitnami/opencart_storage/modification/system/library/template/twig.php on line 9
2020-12-23 6:19:33 - PHP Warning:  include_once(/opt/bitnami/opencart/system/library/template/Twig/Autoloader.php): failed to open stream: No such file or directory in /bitnami/opencart_storage/modification/system/library/template/twig.php on line 9
2020-12-23 6:19:33 - PHP Warning:  include_once(): Failed opening '/opt/bitnami/opencart/system/library/template/Twig/Autoloader.php' for inclusion (include_path='.:/opt/bitnami/php/lib/php') in /bitnami/opencart_storage/modification/system/library/template/twig.php on line 9
2020-12-23 6:19:40 - PHP Warning:  fopen(/bitnami/opencart_storage/cache/cache.catalog.language.1608707980): failed to open stream: No such file or directory in /opt/bitnami/opencart/system/library/cache/file.php on line 49
2020-12-23 6:19:40 - PHP Warning:  flock() expects parameter 1 to be resource, bool given in /opt/bitnami/opencart/system/library/cache/file.php on line 51
2020-12-23 6:19:40 - PHP Warning:  fwrite() expects parameter 1 to be resource, bool given in /opt/bitnami/opencart/system/library/cache/file.php on line 53
2020-12-23 6:19:40 - PHP Warning:  fflush() expects parameter 1 to be resource, bool given in /opt/bitnami/opencart/system/library/cache/file.php on line 55
2020-12-23 6:19:40 - PHP Warning:  flock() expects parameter 1 to be resource, bool given in /opt/bitnami/opencart/system/library/cache/file.php on line 57
2020-12-23 6:19:40 - PHP Warning:  fclose() expects parameter 1 to be resource, bool given in /opt/bitnami/opencart/system/library/cache/file.php on line 59
2020-12-23 6:19:40 - PHP Warning:  fopen(/bitnami/opencart_storage/cache/cache.currency.1608707980): failed to open stream: No such file or directory in /opt/bitnami/opencart/system/library/cache/file.php on line 49
2020-12-23 6:19:40 - PHP Warning:  flock() expects parameter 1 to be resource, bool given in /opt/bitnami/opencart/system/library/cache/file.php on line 51
2020-12-23 6:19:40 - PHP Warning:  fwrite() expects parameter 1 to be resource, bool given in /opt/bitnami/opencart/system/library/cache/file.php on line 53
2020-12-23 6:19:40 - PHP Warning:  fflush() expects parameter 1 to be resource, bool given in /opt/bitnami/opencart/system/library/cache/file.php on line 55
2020-12-23 6:19:40 - PHP Warning:  flock() expects parameter 1 to be resource, bool given in /opt/bitnami/opencart/system/library/cache/file.php on line 57
2020-12-23 6:19:40 - PHP Warning:  fclose() expects parameter 1 to be resource, bool given in /opt/bitnami/opencart/system/library/cache/file.php on line 59
2020-12-23 6:19:40 - PHP Warning:  include_once(/opt/bitnami/opencart/system/library/template/Twig/Autoloader.php): failed to open stream: No such file or directory in /bitnami/opencart_storage/modification/system/library/template/twig.php on line 9
2020-12-23 6:19:40 - PHP Warning:  include_once(): Failed opening '/opt/bitnami/opencart/system/library/template/Twig/Autoloader.php' for inclusion (include_path='.:/opt/bitnami/php/lib/php') in /bitnami/opencart_storage/modification/system/library/template/twig.php on line 9
2020-12-23 6:19:42 - PHP Warning:  fopen(/bitnami/opencart_storage/cache/cache.catalog.language.1608707982): failed to open stream: No such file or directory in /opt/bitnami/opencart/system/library/cache/file.php on line 49
2020-12-23 6:19:42 - PHP Warning:  flock() expects parameter 1 to be resource, bool given in /opt/bitnami/opencart/system/library/cache/file.php on line 51
2020-12-23 6:19:42 - PHP Warning:  fwrite() expects parameter 1 to be resource, bool given in /opt/bitnami/opencart/system/library/cache/file.php on line 53
2020-12-23 6:19:42 - PHP Warning:  fflush() expects parameter 1 to be resource, bool given in /opt/bitnami/opencart/system/library/cache/file.php on line 55
2020-12-23 6:19:42 - PHP Warning:  flock() expects parameter 1 to be resource, bool given in /opt/bitnami/opencart/system/library/cache/file.php on line 57
2020-12-23 6:19:42 - PHP Warning:  fclose() expects parameter 1 to be resource, bool given in /opt/bitnami/opencart/system/library/cache/file.php on line 59
2020-12-23 6:19:42 - PHP Warning:  fopen(/bitnami/opencart_storage/cache/cache.currency.1608707982): failed to open stream: No such file or directory in /opt/bitnami/opencart/system/library/cache/file.php on line 49
2020-12-23 6:19:42 - PHP Warning:  flock() expects parameter 1 to be resource, bool given in /opt/bitnami/opencart/system/library/cache/file.php on line 51
2020-12-23 6:19:42 - PHP Warning:  fwrite() expects parameter 1 to be resource, bool given in /opt/bitnami/opencart/system/library/cache/file.php on line 53
2020-12-23 6:19:42 - PHP Warning:  fflush() expects parameter 1 to be resource, bool given in /opt/bitnami/opencart/system/library/cache/file.php on line 55
2020-12-23 6:19:42 - PHP Warning:  flock() expects parameter 1 to be resource, bool given in /opt/bitnami/opencart/system/library/cache/file.php on line 57
2020-12-23 6:19:42 - PHP Warning:  fclose() expects parameter 1 to be resource, bool given in /opt/bitnami/opencart/system/library/cache/file.php on line 59
2020-12-23 6:19:42 - PHP Warning:  include_once(/opt/bitnami/opencart/system/library/template/Twig/Autoloader.php): failed to open stream: No such file or directory in /bitnami/opencart_storage/modification/system/library/template/twig.php on line 9
2020-12-23 6:19:42 - PHP Warning:  include_once(): Failed opening '/opt/bitnami/opencart/system/library/template/Twig/Autoloader.php' for inclusion (include_path='.:/opt/bitnami/php/lib/php') in /bitnami/opencart_storage/modification/system/library/template/twig.php on line 9
2020-12-23 6:19:43 - PHP Warning:  fopen(/bitnami/opencart_storage/cache/cache.catalog.language.1608707983): failed to open stream: No such file or directory in /opt/bitnami/opencart/system/library/cache/file.php on line 49
2020-12-23 6:19:43 - PHP Warning:  flock() expects parameter 1 to be resource, bool given in /opt/bitnami/opencart/system/library/cache/file.php on line 51
2020-12-23 6:19:43 - PHP Warning:  fwrite() expects parameter 1 to be resource, bool given in /opt/bitnami/opencart/system/library/cache/file.php on line 53
2020-12-23 6:19:43 - PHP Warning:  fflush() expects parameter 1 to be resource, bool given in /opt/bitnami/opencart/system/library/cache/file.php on line 55
2020-12-23 6:19:43 - PHP Warning:  flock() expects parameter 1 to be resource, bool given in /opt/bitnami/opencart/system/library/cache/file.php on line 57
2020-12-23 6:19:43 - PHP Warning:  fclose() expects parameter 1 to be resource, bool given in /opt/bitnami/opencart/system/library/cache/file.php on line 59
2020-12-23 6:19:43 - PHP Warning:  fopen(/bitnami/opencart_storage/cache/cache.currency.1608707983): failed to open stream: No such file or directory in /opt/bitnami/opencart/system/library/cache/file.php on line 49
2020-12-23 6:19:43 - PHP Warning:  flock() expects parameter 1 to be resource, bool given in /opt/bitnami/opencart/system/library/cache/file.php on line 51
2020-12-23 6:19:43 - PHP Warning:  fwrite() expects parameter 1 to be resource, bool given in /opt/bitnami/opencart/system/library/cache/file.php on line 53
2020-12-23 6:19:43 - PHP Warning:  fflush() expects parameter 1 to be resource, bool given in /opt/bitnami/opencart/system/library/cache/file.php on line 55
2020-12-23 6:19:43 - PHP Warning:  flock() expects parameter 1 to be resource, bool given in /opt/bitnami/opencart/system/library/cache/file.php on line 57
2020-12-23 6:19:43 - PHP Warning:  fclose() expects parameter 1 to be resource, bool given in /opt/bitnami/opencart/system/library/cache/file.php on line 59
2020-12-23 6:19:43 - PHP Warning:  include_once(/opt/bitnami/opencart/system/library/template/Twig/Autoloader.php): failed to open stream: No such file or directory in /bitnami/opencart_storage/modification/system/library/template/twig.php on line 9
2020-12-23 6:19:43 - PHP Warning:  include_once(): Failed opening '/opt/bitnami/opencart/system/library/template/Twig/Autoloader.php' for inclusion (include_path='.:/opt/bitnami/php/lib/php') in /bitnami/opencart_storage/modification/system/library/template/twig.php on line 9
2020-12-23 6:19:43 - PHP Warning:  fopen(/bitnami/opencart_storage/cache/cache.catalog.language.1608707983): failed to open stream: No such file or directory in /opt/bitnami/opencart/system/library/cache/file.php on line 49
2020-12-23 6:19:43 - PHP Warning:  flock() expects parameter 1 to be resource, bool given in /opt/bitnami/opencart/system/library/cache/file.php on line 51
2020-12-23 6:19:43 - PHP Warning:  fwrite() expects parameter 1 to be resource, bool given in /opt/bitnami/opencart/system/library/cache/file.php on line 53
2020-12-23 6:19:43 - PHP Warning:  fflush() expects parameter 1 to be resource, bool given in /opt/bitnami/opencart/system/library/cache/file.php on line 55
2020-12-23 6:19:43 - PHP Warning:  flock() expects parameter 1 to be resource, bool given in /opt/bitnami/opencart/system/library/cache/file.php on line 57
2020-12-23 6:19:43 - PHP Warning:  fclose() expects parameter 1 to be resource, bool given in /opt/bitnami/opencart/system/library/cache/file.php on line 59
2020-12-23 6:19:43 - PHP Warning:  fopen(/bitnami/opencart_storage/cache/cache.currency.1608707983): failed to open stream: No such file or directory in /opt/bitnami/opencart/system/library/cache/file.php on line 49
2020-12-23 6:19:43 - PHP Warning:  flock() expects parameter 1 to be resource, bool given in /opt/bitnami/opencart/system/library/cache/file.php on line 51
2020-12-23 6:19:43 - PHP Warning:  fwrite() expects parameter 1 to be resource, bool given in /opt/bitnami/opencart/system/library/cache/file.php on line 53
2020-12-23 6:19:43 - PHP Warning:  fflush() expects parameter 1 to be resource, bool given in /opt/bitnami/opencart/system/library/cache/file.php on line 55
2020-12-23 6:19:43 - PHP Warning:  flock() expects parameter 1 to be resource, bool given in /opt/bitnami/opencart/system/library/cache/file.php on line 57
2020-12-23 6:19:43 - PHP Warning:  fclose() expects parameter 1 to be resource, bool given in /opt/bitnami/opencart/system/library/cache/file.php on line 59
2020-12-23 6:19:43 - PHP Warning:  include_once(/opt/bitnami/opencart/system/library/template/Twig/Autoloader.php): failed to open stream: No such file or directory in /bitnami/opencart_storage/modification/system/library/template/twig.php on line 9
2020-12-23 6:19:43 - PHP Warning:  include_once(): Failed opening '/opt/bitnami/opencart/system/library/template/Twig/Autoloader.php' for inclusion (include_path='.:/opt/bitnami/php/lib/php') in /bitnami/opencart_storage/modification/system/library/template/twig.php on line 9
2020-12-23 6:19:44 - PHP Warning:  fopen(/bitnami/opencart_storage/cache/cache.catalog.language.1608707984): failed to open stream: No such file or directory in /opt/bitnami/opencart/system/library/cache/file.php on line 49
2020-12-23 6:19:44 - PHP Warning:  flock() expects parameter 1 to be resource, bool given in /opt/bitnami/opencart/system/library/cache/file.php on line 51
2020-12-23 6:19:44 - PHP Warning:  fwrite() expects parameter 1 to be resource, bool given in /opt/bitnami/opencart/system/library/cache/file.php on line 53
2020-12-23 6:19:44 - PHP Warning:  fflush() expects parameter 1 to be resource, bool given in /opt/bitnami/opencart/system/library/cache/file.php on line 55
2020-12-23 6:19:44 - PHP Warning:  flock() expects parameter 1 to be resource, bool given in /opt/bitnami/opencart/system/library/cache/file.php on line 57
2020-12-23 6:19:44 - PHP Warning:  fclose() expects parameter 1 to be resource, bool given in /opt/bitnami/opencart/system/library/cache/file.php on line 59
2020-12-23 6:19:44 - PHP Warning:  fopen(/bitnami/opencart_storage/cache/cache.currency.1608707984): failed to open stream: No such file or directory in /opt/bitnami/opencart/system/library/cache/file.php on line 49
2020-12-23 6:19:44 - PHP Warning:  flock() expects parameter 1 to be resource, bool given in /opt/bitnami/opencart/system/library/cache/file.php on line 51
2020-12-23 6:19:44 - PHP Warning:  fwrite() expects parameter 1 to be resource, bool given in /opt/bitnami/opencart/system/library/cache/file.php on line 53
2020-12-23 6:19:44 - PHP Warning:  fflush() expects parameter 1 to be resource, bool given in /opt/bitnami/opencart/system/library/cache/file.php on line 55
2020-12-23 6:19:44 - PHP Warning:  flock() expects parameter 1 to be resource, bool given in /opt/bitnami/opencart/system/library/cache/file.php on line 57
2020-12-23 6:19:44 - PHP Warning:  fclose() expects parameter 1 to be resource, bool given in /opt/bitnami/opencart/system/library/cache/file.php on line 59
2020-12-23 6:19:44 - PHP Warning:  include_once(/opt/bitnami/opencart/system/library/template/Twig/Autoloader.php): failed to open stream: No such file or directory in /bitnami/opencart_storage/modification/system/library/template/twig.php on line 9
2020-12-23 6:19:44 - PHP Warning:  include_once(): Failed opening '/opt/bitnami/opencart/system/library/template/Twig/Autoloader.php' for inclusion (include_path='.:/opt/bitnami/php/lib/php') in /bitnami/opencart_storage/modification/system/library/template/twig.php on line 9
2020-12-23 6:21:37 - PHP Warning:  fopen(/bitnami/opencart_storage/cache/cache.catalog.language.1608708097): failed to open stream: No such file or directory in /opt/bitnami/opencart/system/library/cache/file.php on line 49
2020-12-23 6:21:37 - PHP Warning:  flock() expects parameter 1 to be resource, bool given in /opt/bitnami/opencart/system/library/cache/file.php on line 51
2020-12-23 6:21:37 - PHP Warning:  fwrite() expects parameter 1 to be resource, bool given in /opt/bitnami/opencart/system/library/cache/file.php on line 53
2020-12-23 6:21:37 - PHP Warning:  fflush() expects parameter 1 to be resource, bool given in /opt/bitnami/opencart/system/library/cache/file.php on line 55
2020-12-23 6:21:37 - PHP Warning:  flock() expects parameter 1 to be resource, bool given in /opt/bitnami/opencart/system/library/cache/file.php on line 57
2020-12-23 6:21:37 - PHP Warning:  fclose() expects parameter 1 to be resource, bool given in /opt/bitnami/opencart/system/library/cache/file.php on line 59
2020-12-23 6:21:37 - PHP Warning:  fopen(/bitnami/opencart_storage/cache/cache.currency.1608708097): failed to open stream: No such file or directory in /opt/bitnami/opencart/system/library/cache/file.php on line 49
2020-12-23 6:21:37 - PHP Warning:  flock() expects parameter 1 to be resource, bool given in /opt/bitnami/opencart/system/library/cache/file.php on line 51
2020-12-23 6:21:37 - PHP Warning:  fwrite() expects parameter 1 to be resource, bool given in /opt/bitnami/opencart/system/library/cache/file.php on line 53
2020-12-23 6:21:37 - PHP Warning:  fflush() expects parameter 1 to be resource, bool given in /opt/bitnami/opencart/system/library/cache/file.php on line 55
2020-12-23 6:21:37 - PHP Warning:  flock() expects parameter 1 to be resource, bool given in /opt/bitnami/opencart/system/library/cache/file.php on line 57
2020-12-23 6:21:37 - PHP Warning:  fclose() expects parameter 1 to be resource, bool given in /opt/bitnami/opencart/system/library/cache/file.php on line 59
2020-12-23 6:28:55 - PHP Warning:  fopen(/bitnami/opencart_storage/cache/cache.catalog.language.1608708535): failed to open stream: No such file or directory in /opt/bitnami/opencart/system/library/cache/file.php on line 49
2020-12-23 6:28:55 - PHP Warning:  flock() expects parameter 1 to be resource, bool given in /opt/bitnami/opencart/system/library/cache/file.php on line 51
2020-12-23 6:28:55 - PHP Warning:  fwrite() expects parameter 1 to be resource, bool given in /opt/bitnami/opencart/system/library/cache/file.php on line 53
2020-12-23 6:28:55 - PHP Warning:  fflush() expects parameter 1 to be resource, bool given in /opt/bitnami/opencart/system/library/cache/file.php on line 55
2020-12-23 6:28:55 - PHP Warning:  flock() expects parameter 1 to be resource, bool given in /opt/bitnami/opencart/system/library/cache/file.php on line 57
2020-12-23 6:28:55 - PHP Warning:  fclose() expects parameter 1 to be resource, bool given in /opt/bitnami/opencart/system/library/cache/file.php on line 59
2020-12-23 6:28:55 - PHP Warning:  fopen(/bitnami/opencart_storage/cache/cache.currency.1608708535): failed to open stream: No such file or directory in /opt/bitnami/opencart/system/library/cache/file.php on line 49
2020-12-23 6:28:55 - PHP Warning:  flock() expects parameter 1 to be resource, bool given in /opt/bitnami/opencart/system/library/cache/file.php on line 51
2020-12-23 6:28:55 - PHP Warning:  fwrite() expects parameter 1 to be resource, bool given in /opt/bitnami/opencart/system/library/cache/file.php on line 53
2020-12-23 6:28:55 - PHP Warning:  fflush() expects parameter 1 to be resource, bool given in /opt/bitnami/opencart/system/library/cache/file.php on line 55
2020-12-23 6:28:55 - PHP Warning:  flock() expects parameter 1 to be resource, bool given in /opt/bitnami/opencart/system/library/cache/file.php on line 57
2020-12-23 6:28:55 - PHP Warning:  fclose() expects parameter 1 to be resource, bool given in /opt/bitnami/opencart/system/library/cache/file.php on line 59
